#
# There is insufficient memory for the Java Runtime Environment to continue.
# Native memory allocation (malloc) failed to allocate 1806576 bytes. Error detail: Chunk::new
# Possible reasons:
#   The system is out of physical RAM or swap space
#   This process is running with CompressedOops enabled, and the Java Heap may be blocking the growth of the native heap
# Possible solutions:
#   Reduce memory load on the system
#   Increase physical memory or swap space
#   Check if swap backing store is full
#   Decrease Java heap size (-Xmx/-Xms)
#   Decrease number of Java threads
#   Decrease Java thread stack sizes (-Xss)
#   Set larger code cache with -XX:ReservedCodeCacheSize=
#   JVM is running with Unscaled Compressed Oops mode in which the Java heap is
#     placed in the first 4GB address space. The Java Heap base address is the
#     maximum limit for the native heap growth. Please use -XX:HeapBaseMinAddress
#     to set the Java Heap base and to place the Java Heap above 4GB virtual address.
# This output file may be truncated or incomplete.
#
#  Out of Memory Error (arena.cpp:168), pid=20292, tid=11072
#
# JRE version: OpenJDK Runtime Environment Temurin-21.0.6+7 (21.0.6+7) (build 21.0.6+7-LTS)
# Java VM: OpenJDK 64-Bit Server VM Temurin-21.0.6+7 (21.0.6+7-LTS, mixed mode, sharing, tiered, compressed oops, compressed class ptrs, parallel gc, windows-amd64)
# No core dump will be written. Minidumps are not enabled by default on client versions of Windows
#

---------------  S U M M A R Y ------------

Command Line: --add-modules=ALL-SYSTEM --add-opens=java.base/java.util=ALL-UNNAMED --add-opens=java.base/java.lang=ALL-UNNAMED --add-opens=java.base/sun.nio.fs=ALL-UNNAMED -Declipse.application=org.eclipse.jdt.ls.core.id1 -Dosgi.bundles.defaultStartLevel=4 -Declipse.product=org.eclipse.jdt.ls.core.product -Djava.import.generatesMetadataFilesAtProjectRoot=false -DDetectVMInstallationsJob.disabled=true -Dfile.encoding=utf8 -XX:+UseParallelGC -XX:GCTimeRatio=4 -XX:AdaptiveSizePolicyWeight=90 -Dsun.zip.disableMemoryMapping=true -Xmx1G -Xms100m -Xlog:disable -javaagent:c:\Users\brayan antonio\.vscode\extensions\redhat.java-1.41.1-win32-x64\lombok\lombok-1.18.36.jar c:\Users\brayan antonio\.vscode\extensions\redhat.java-1.41.1-win32-x64\server\plugins\org.eclipse.equinox.launcher_1.7.0.v20250331-1702.jar -configuration c:\Users\brayan antonio\AppData\Roaming\Code\User\globalStorage\redhat.java\1.41.1\config_ss_win -data c:\Users\brayan antonio\AppData\Roaming\Code\User\workspaceStorage\c2344557cc2e22e276c49849a3694527\redhat.java\ss_ws --pipe=\\.\pipe\lsp-27e5b5882b66c73738ef060ce6077839-sock

Host: AMD Ryzen 7 3700U with Radeon Vega Mobile Gfx  , 8 cores, 13G,  Windows 11 , 64 bit Build 26100 (10.0.26100.3775)
Time: Tue Apr 22 12:55:10 2025 Hora est. Pacífico, Sudamérica elapsed time: 17.087748 seconds (0d 0h 0m 17s)

---------------  T H R E A D  ---------------

Current thread (0x000001ad6d1d45f0):  JavaThread "C2 CompilerThread0" daemon [_thread_in_native, id=11072, stack(0x0000009704d00000,0x0000009704e00000) (1024K)]


Current CompileTask:
C2:17087 2793       4       org.lombokweb.asm.ClassReader::readMethod (1070 bytes)

Stack: [0x0000009704d00000,0x0000009704e00000]
Native frames: (J=compiled Java code, j=interpreted, Vv=VM code, C=native code)
V  [jvm.dll+0x6cdee9]
V  [jvm.dll+0x8a83d1]
V  [jvm.dll+0x8aa8fe]
V  [jvm.dll+0x8aafe3]
V  [jvm.dll+0x27f706]
V  [jvm.dll+0xc500d]
V  [jvm.dll+0xc5543]
V  [jvm.dll+0x3b6752]
V  [jvm.dll+0x1dfe13]
V  [jvm.dll+0x247b42]
V  [jvm.dll+0x246fcf]
V  [jvm.dll+0x1c75ee]
V  [jvm.dll+0x25685a]
V  [jvm.dll+0x254dfa]
V  [jvm.dll+0x3f0256]
V  [jvm.dll+0x851f8b]
V  [jvm.dll+0x6cc5ed]
C  [ucrtbase.dll+0x37b0]
C  [KERNEL32.DLL+0x2e8d7]
C  [ntdll.dll+0xb14fc]


---------------  P R O C E S S  ---------------

Threads class SMR info:
_java_thread_list=0x000001ad74514890, length=21, elements={
0x000001ad58e0bda0, 0x000001ad6d1bffa0, 0x000001ad6d1c5030, 0x000001ad6d1c70f0,
0x000001ad6d1c92e0, 0x000001ad6d1d0a10, 0x000001ad6d1d3870, 0x000001ad6d1d45f0,
0x000001ad6d1daf80, 0x000001ad58e7d1d0, 0x000001ad6eec1410, 0x000001ad735dd420,
0x000001ad735db9e0, 0x000001ad735da630, 0x000001ad735dc070, 0x000001ad735dc700,
0x000001ad735dcd90, 0x000001ad735d9fa0, 0x000001ad735dacc0, 0x000001ad735db350,
0x000001ad74639ff0
}

Java Threads: ( => current thread )
  0x000001ad58e0bda0 JavaThread "main"                              [_thread_blocked, id=18564, stack(0x0000009704300000,0x0000009704400000) (1024K)]
  0x000001ad6d1bffa0 JavaThread "Reference Handler"          daemon [_thread_blocked, id=18468, stack(0x0000009704700000,0x0000009704800000) (1024K)]
  0x000001ad6d1c5030 JavaThread "Finalizer"                  daemon [_thread_blocked, id=10476, stack(0x0000009704800000,0x0000009704900000) (1024K)]
  0x000001ad6d1c70f0 JavaThread "Signal Dispatcher"          daemon [_thread_blocked, id=5760, stack(0x0000009704900000,0x0000009704a00000) (1024K)]
  0x000001ad6d1c92e0 JavaThread "Attach Listener"            daemon [_thread_blocked, id=9128, stack(0x0000009704a00000,0x0000009704b00000) (1024K)]
  0x000001ad6d1d0a10 JavaThread "Service Thread"             daemon [_thread_blocked, id=8104, stack(0x0000009704b00000,0x0000009704c00000) (1024K)]
  0x000001ad6d1d3870 JavaThread "Monitor Deflation Thread"   daemon [_thread_blocked, id=23168, stack(0x0000009704c00000,0x0000009704d00000) (1024K)]
=>0x000001ad6d1d45f0 JavaThread "C2 CompilerThread0"         daemon [_thread_in_native, id=11072, stack(0x0000009704d00000,0x0000009704e00000) (1024K)]
  0x000001ad6d1daf80 JavaThread "C1 CompilerThread0"         daemon [_thread_in_native, id=2864, stack(0x0000009704e00000,0x0000009704f00000) (1024K)]
  0x000001ad58e7d1d0 JavaThread "Common-Cleaner"             daemon [_thread_blocked, id=12056, stack(0x0000009704f00000,0x0000009705000000) (1024K)]
  0x000001ad6eec1410 JavaThread "Notification Thread"        daemon [_thread_blocked, id=23460, stack(0x0000009705000000,0x0000009705100000) (1024K)]
  0x000001ad735dd420 JavaThread "Active Thread: Equinox Container: c7431d0e-9a27-46f4-b401-d23b6773d842"        [_thread_blocked, id=10280, stack(0x0000009705700000,0x0000009705800000) (1024K)]
  0x000001ad735db9e0 JavaThread "Framework Event Dispatcher: Equinox Container: c7431d0e-9a27-46f4-b401-d23b6773d842" daemon [_thread_blocked, id=13196, stack(0x0000009705800000,0x0000009705900000) (1024K)]
  0x000001ad735da630 JavaThread "Start Level: Equinox Container: c7431d0e-9a27-46f4-b401-d23b6773d842" daemon [_thread_in_Java, id=15844, stack(0x0000009705900000,0x0000009705a00000) (1024K)]
  0x000001ad735dc070 JavaThread "SCR Component Actor"        daemon [_thread_blocked, id=12976, stack(0x0000009705a00000,0x0000009705b00000) (1024K)]
  0x000001ad735dc700 JavaThread "SCR Component Registry"     daemon [_thread_blocked, id=21344, stack(0x0000009705c00000,0x0000009705d00000) (1024K)]
  0x000001ad735dcd90 JavaThread "Worker-JM"                         [_thread_blocked, id=4712, stack(0x0000009705d00000,0x0000009705e00000) (1024K)]
  0x000001ad735d9fa0 JavaThread "JNA Cleaner"                daemon [_thread_blocked, id=13080, stack(0x0000009705e00000,0x0000009705f00000) (1024K)]
  0x000001ad735dacc0 JavaThread "Worker-0"                          [_thread_blocked, id=19532, stack(0x0000009705f00000,0x0000009706000000) (1024K)]
  0x000001ad735db350 JavaThread "Worker-1"                          [_thread_blocked, id=18308, stack(0x0000009706000000,0x0000009706100000) (1024K)]
  0x000001ad74639ff0 JavaThread "C2 CompilerThread1"         daemon [_thread_in_native, id=16160, stack(0x0000009706100000,0x0000009706200000) (1024K)]
Total: 21

Other Threads:
  0x000001ad58ece8d0 VMThread "VM Thread"                           [id=4528, stack(0x0000009704600000,0x0000009704700000) (1024K)]
  0x000001ad6d0dba00 WatcherThread "VM Periodic Task Thread"        [id=3996, stack(0x0000009704500000,0x0000009704600000) (1024K)]
  0x000001ad58e2c1f0 WorkerThread "GC Thread#0"                     [id=12712, stack(0x0000009704400000,0x0000009704500000) (1024K)]
  0x000001ad7300e090 WorkerThread "GC Thread#1"                     [id=18684, stack(0x0000009705100000,0x0000009705200000) (1024K)]
  0x000001ad7300e9a0 WorkerThread "GC Thread#2"                     [id=180, stack(0x0000009705200000,0x0000009705300000) (1024K)]
  0x000001ad7300ed40 WorkerThread "GC Thread#3"                     [id=17672, stack(0x0000009705300000,0x0000009705400000) (1024K)]
  0x000001ad73707610 WorkerThread "GC Thread#4"                     [id=1680, stack(0x0000009705400000,0x0000009705500000) (1024K)]
  0x000001ad737079b0 WorkerThread "GC Thread#5"                     [id=12396, stack(0x0000009705500000,0x0000009705600000) (1024K)]
  0x000001ad73707d50 WorkerThread "GC Thread#6"                     [id=22268, stack(0x0000009705600000,0x0000009705700000) (1024K)]
  0x000001ad6ed051c0 WorkerThread "GC Thread#7"                     [id=6004, stack(0x0000009705b00000,0x0000009705c00000) (1024K)]
Total: 10

Threads with active compile tasks:
C2 CompilerThread0  17137 2793       4       org.lombokweb.asm.ClassReader::readMethod (1070 bytes)
C2 CompilerThread1  17137 3039       4       java.util.zip.ZipEntry::<init> (84 bytes)
Total: 2

VM state: not at safepoint (normal execution)

VM Mutex/Monitor currently owned by a thread: None

Heap address: 0x00000000c0000000, size: 1024 MB, Compressed Oops mode: 32-bit

CDS archive(s) mapped at: [0x000001ad00000000-0x000001ad00ba0000-0x000001ad00ba0000), size 12189696, SharedBaseAddress: 0x000001ad00000000, ArchiveRelocationMode: 1.
Compressed class space mapped at: 0x000001ad01000000-0x000001ad41000000, reserved size: 1073741824
Narrow klass base: 0x000001ad00000000, Narrow klass shift: 0, Narrow klass range: 0x100000000

GC Precious Log:
 CardTable entry size: 512
 CPUs: 8 total, 8 available
 Memory: 14249M
 Large Page Support: Disabled
 NUMA Support: Disabled
 Compressed Oops: Enabled (32-bit)
 Alignments: Space 512K, Generation 512K, Heap 2M
 Heap Min Capacity: 100M
 Heap Initial Capacity: 100M
 Heap Max Capacity: 1G
 Pre-touch: Disabled
 Parallel Workers: 8

Heap:
 PSYoungGen      total 27648K, used 9879K [0x00000000eab00000, 0x00000000eca00000, 0x0000000100000000)
  eden space 24576K, 29% used [0x00000000eab00000,0x00000000eb20a8e8,0x00000000ec300000)
  from space 3072K, 86% used [0x00000000ec400000,0x00000000ec69b410,0x00000000ec700000)
  to   space 3072K, 0% used [0x00000000ec700000,0x00000000ec700000,0x00000000eca00000)
 ParOldGen       total 68608K, used 9097K [0x00000000c0000000, 0x00000000c4300000, 0x00000000eab00000)
  object space 68608K, 13% used [0x00000000c0000000,0x00000000c08e2590,0x00000000c4300000)
 Metaspace       used 23855K, committed 24576K, reserved 1114112K
  class space    used 2201K, committed 2496K, reserved 1048576K

Card table byte_map: [0x000001ad587e0000,0x000001ad589f0000] _byte_map_base: 0x000001ad581e0000

Marking Bits: (ParMarkBitMap*) 0x00007ffd1da53260
 Begin Bits: [0x000001ad6b000000, 0x000001ad6c000000)
 End Bits:   [0x000001ad6c000000, 0x000001ad6d000000)

Polling page: 0x000001ad585d0000

Metaspace:

Usage:
  Non-class:     21.15 MB used.
      Class:      2.15 MB used.
       Both:     23.30 MB used.

Virtual space:
  Non-class space:       64.00 MB reserved,      21.56 MB ( 34%) committed,  1 nodes.
      Class space:        1.00 GB reserved,       2.44 MB ( <1%) committed,  1 nodes.
             Both:        1.06 GB reserved,      24.00 MB (  2%) committed. 

Chunk freelists:
   Non-Class:  10.23 MB
       Class:  13.46 MB
        Both:  23.70 MB

MaxMetaspaceSize: unlimited
CompressedClassSpaceSize: 1.00 GB
Initial GC threshold: 21.00 MB
Current GC threshold: 35.00 MB
CDS: on
 - commit_granule_bytes: 65536.
 - commit_granule_words: 8192.
 - virtual_space_node_default_size: 8388608.
 - enlarge_chunks_in_place: 1.
 - use_allocation_guard: 0.


Internal statistics:

num_allocs_failed_limit: 3.
num_arena_births: 516.
num_arena_deaths: 14.
num_vsnodes_births: 2.
num_vsnodes_deaths: 0.
num_space_committed: 384.
num_space_uncommitted: 0.
num_chunks_returned_to_freelist: 17.
num_chunks_taken_from_freelist: 1407.
num_chunk_merges: 9.
num_chunk_splits: 939.
num_chunks_enlarged: 607.
num_inconsistent_stats: 0.

CodeHeap 'non-profiled nmethods': size=120000Kb used=1265Kb max_used=1265Kb free=118735Kb
 bounds [0x000001ad63ad0000, 0x000001ad63d40000, 0x000001ad6b000000]
CodeHeap 'profiled nmethods': size=120000Kb used=6156Kb max_used=6156Kb free=113843Kb
 bounds [0x000001ad5c000000, 0x000001ad5c610000, 0x000001ad63530000]
CodeHeap 'non-nmethods': size=5760Kb used=1323Kb max_used=1341Kb free=4436Kb
 bounds [0x000001ad63530000, 0x000001ad637a0000, 0x000001ad63ad0000]
 total_blobs=3658 nmethods=3048 adapters=516
 compilation: enabled
              stopped_count=0, restarted_count=0
 full_count=0

Compilation events (20 events):
Event: 15.763 Thread 0x000001ad7538a810 2971       4       java.util.concurrent.ConcurrentHashMap::putIfAbsent (8 bytes)
Event: 15.765 Thread 0x000001ad7538a810 nmethod 2971 0x000001ad63c07e10 code [0x000001ad63c07fa0, 0x000001ad63c08058]
Event: 15.765 Thread 0x000001ad7538a810 2954       4       java.util.Collections::emptyList (4 bytes)
Event: 15.766 Thread 0x000001ad7538a810 nmethod 2954 0x000001ad63c08110 code [0x000001ad63c082a0, 0x000001ad63c08310]
Event: 15.766 Thread 0x000001ad7538a810 2905       4       java.lang.invoke.LambdaForm::prepare (108 bytes)
Event: 15.771 Thread 0x000001ad6d1daf80 3031       1       sun.nio.fs.WindowsFileSystem::provider (5 bytes)
Event: 15.772 Thread 0x000001ad7538a810 nmethod 2905 0x000001ad63c08410 code [0x000001ad63c085a0, 0x000001ad63c086b0]
Event: 15.772 Thread 0x000001ad6d1daf80 nmethod 3031 0x000001ad63c08790 code [0x000001ad63c08920, 0x000001ad63c089e8]
Event: 15.793 Thread 0x000001ad6d1daf80 3032       1       sun.nio.fs.NativeBuffer::owner (5 bytes)
Event: 15.793 Thread 0x000001ad6d1daf80 nmethod 3032 0x000001ad63c08a90 code [0x000001ad63c08c20, 0x000001ad63c08ce8]
Event: 16.015 Thread 0x000001ad6d1daf80 3033       3       java.lang.invoke.MemberName::asSpecial (89 bytes)
Event: 16.017 Thread 0x000001ad6d1daf80 nmethod 3033 0x000001ad5c5f4b10 code [0x000001ad5c5f4de0, 0x000001ad5c5f5a48]
Event: 16.020 Thread 0x000001ad6d1daf80 3034       1       java.util.zip.ZipEntry::getName (5 bytes)
Event: 16.020 Thread 0x000001ad6d1daf80 nmethod 3034 0x000001ad63c08d90 code [0x000001ad63c08f20, 0x000001ad63c08fe8]
Event: 16.021 Thread 0x000001ad6d1daf80 3036       3       org.eclipse.osgi.storage.bundlefile.ZipBundleFile$1::hasNext (10 bytes)
Event: 16.022 Thread 0x000001ad6d1daf80 nmethod 3036 0x000001ad5c5f5e90 code [0x000001ad5c5f6040, 0x000001ad5c5f6218]
Event: 16.022 Thread 0x000001ad6d1daf80 3037       3       org.eclipse.osgi.storage.bundlefile.ZipBundleFile$1::next (5 bytes)
Event: 16.023 Thread 0x000001ad6d1daf80 nmethod 3037 0x000001ad5c5f6310 code [0x000001ad5c5f64e0, 0x000001ad5c5f68e0]
Event: 16.104 Thread 0x000001ad6d1daf80 3041       3       java.lang.Character$UnicodeBlock::<init> (17 bytes)
Event: 16.105 Thread 0x000001ad6d1daf80 nmethod 3041 0x000001ad5c5f6a10 code [0x000001ad5c5f6c00, 0x000001ad5c5f7060]

GC Heap History (16 events):
Event: 4.219 GC heap before
{Heap before GC invocations=1 (full 0):
 PSYoungGen      total 29696K, used 25600K [0x00000000eab00000, 0x00000000ecc00000, 0x0000000100000000)
  eden space 25600K, 100% used [0x00000000eab00000,0x00000000ec400000,0x00000000ec400000)
  from space 4096K, 0% used [0x00000000ec800000,0x00000000ec800000,0x00000000ecc00000)
  to   space 4096K, 0% used [0x00000000ec400000,0x00000000ec400000,0x00000000ec800000)
 ParOldGen       total 68608K, used 0K [0x00000000c0000000, 0x00000000c4300000, 0x00000000eab00000)
  object space 68608K, 0% used [0x00000000c0000000,0x00000000c0000000,0x00000000c4300000)
 Metaspace       used 4323K, committed 4544K, reserved 1114112K
  class space    used 434K, committed 512K, reserved 1048576K
}
Event: 4.237 GC heap after
{Heap after GC invocations=1 (full 0):
 PSYoungGen      total 29696K, used 3237K [0x00000000eab00000, 0x00000000ecc00000, 0x0000000100000000)
  eden space 25600K, 0% used [0x00000000eab00000,0x00000000eab00000,0x00000000ec400000)
  from space 4096K, 79% used [0x00000000ec400000,0x00000000ec7297f0,0x00000000ec800000)
  to   space 4096K, 0% used [0x00000000ec800000,0x00000000ec800000,0x00000000ecc00000)
 ParOldGen       total 68608K, used 8K [0x00000000c0000000, 0x00000000c4300000, 0x00000000eab00000)
  object space 68608K, 0% used [0x00000000c0000000,0x00000000c0002000,0x00000000c4300000)
 Metaspace       used 4323K, committed 4544K, reserved 1114112K
  class space    used 434K, committed 512K, reserved 1048576K
}
Event: 7.433 GC heap before
{Heap before GC invocations=2 (full 0):
 PSYoungGen      total 29696K, used 28837K [0x00000000eab00000, 0x00000000ecc00000, 0x0000000100000000)
  eden space 25600K, 100% used [0x00000000eab00000,0x00000000ec400000,0x00000000ec400000)
  from space 4096K, 79% used [0x00000000ec400000,0x00000000ec7297f0,0x00000000ec800000)
  to   space 4096K, 0% used [0x00000000ec800000,0x00000000ec800000,0x00000000ecc00000)
 ParOldGen       total 68608K, used 8K [0x00000000c0000000, 0x00000000c4300000, 0x00000000eab00000)
  object space 68608K, 0% used [0x00000000c0000000,0x00000000c0002000,0x00000000c4300000)
 Metaspace       used 8145K, committed 8448K, reserved 1114112K
  class space    used 805K, committed 960K, reserved 1048576K
}
Event: 7.446 GC heap after
{Heap after GC invocations=2 (full 0):
 PSYoungGen      total 29696K, used 4090K [0x00000000eab00000, 0x00000000ecc00000, 0x0000000100000000)
  eden space 25600K, 0% used [0x00000000eab00000,0x00000000eab00000,0x00000000ec400000)
  from space 4096K, 99% used [0x00000000ec800000,0x00000000ecbfe938,0x00000000ecc00000)
  to   space 4096K, 0% used [0x00000000ec400000,0x00000000ec400000,0x00000000ec800000)
 ParOldGen       total 68608K, used 861K [0x00000000c0000000, 0x00000000c4300000, 0x00000000eab00000)
  object space 68608K, 1% used [0x00000000c0000000,0x00000000c00d76a8,0x00000000c4300000)
 Metaspace       used 8145K, committed 8448K, reserved 1114112K
  class space    used 805K, committed 960K, reserved 1048576K
}
Event: 10.424 GC heap before
{Heap before GC invocations=3 (full 0):
 PSYoungGen      total 29696K, used 29690K [0x00000000eab00000, 0x00000000ecc00000, 0x0000000100000000)
  eden space 25600K, 100% used [0x00000000eab00000,0x00000000ec400000,0x00000000ec400000)
  from space 4096K, 99% used [0x00000000ec800000,0x00000000ecbfe938,0x00000000ecc00000)
  to   space 4096K, 0% used [0x00000000ec400000,0x00000000ec400000,0x00000000ec800000)
 ParOldGen       total 68608K, used 861K [0x00000000c0000000, 0x00000000c4300000, 0x00000000eab00000)
  object space 68608K, 1% used [0x00000000c0000000,0x00000000c00d76a8,0x00000000c4300000)
 Metaspace       used 12941K, committed 13504K, reserved 1114112K
  class space    used 1297K, committed 1536K, reserved 1048576K
}
Event: 10.435 GC heap after
{Heap after GC invocations=3 (full 0):
 PSYoungGen      total 29696K, used 4083K [0x00000000eab00000, 0x00000000ecc00000, 0x0000000100000000)
  eden space 25600K, 0% used [0x00000000eab00000,0x00000000eab00000,0x00000000ec400000)
  from space 4096K, 99% used [0x00000000ec400000,0x00000000ec7fcea8,0x00000000ec800000)
  to   space 4096K, 0% used [0x00000000ec800000,0x00000000ec800000,0x00000000ecc00000)
 ParOldGen       total 68608K, used 2733K [0x00000000c0000000, 0x00000000c4300000, 0x00000000eab00000)
  object space 68608K, 3% used [0x00000000c0000000,0x00000000c02ab738,0x00000000c4300000)
 Metaspace       used 12941K, committed 13504K, reserved 1114112K
  class space    used 1297K, committed 1536K, reserved 1048576K
}
Event: 12.737 GC heap before
{Heap before GC invocations=4 (full 0):
 PSYoungGen      total 29696K, used 29683K [0x00000000eab00000, 0x00000000ecc00000, 0x0000000100000000)
  eden space 25600K, 100% used [0x00000000eab00000,0x00000000ec400000,0x00000000ec400000)
  from space 4096K, 99% used [0x00000000ec400000,0x00000000ec7fcea8,0x00000000ec800000)
  to   space 4096K, 0% used [0x00000000ec800000,0x00000000ec800000,0x00000000ecc00000)
 ParOldGen       total 68608K, used 2733K [0x00000000c0000000, 0x00000000c4300000, 0x00000000eab00000)
  object space 68608K, 3% used [0x00000000c0000000,0x00000000c02ab738,0x00000000c4300000)
 Metaspace       used 16983K, committed 17536K, reserved 1114112K
  class space    used 1702K, committed 1920K, reserved 1048576K
}
Event: 12.747 GC heap after
{Heap after GC invocations=4 (full 0):
 PSYoungGen      total 29696K, used 4085K [0x00000000eab00000, 0x00000000ecc00000, 0x0000000100000000)
  eden space 25600K, 0% used [0x00000000eab00000,0x00000000eab00000,0x00000000ec400000)
  from space 4096K, 99% used [0x00000000ec800000,0x00000000ecbfd7e0,0x00000000ecc00000)
  to   space 4096K, 0% used [0x00000000ec400000,0x00000000ec400000,0x00000000ec800000)
 ParOldGen       total 68608K, used 4798K [0x00000000c0000000, 0x00000000c4300000, 0x00000000eab00000)
  object space 68608K, 6% used [0x00000000c0000000,0x00000000c04afae8,0x00000000c4300000)
 Metaspace       used 16983K, committed 17536K, reserved 1114112K
  class space    used 1702K, committed 1920K, reserved 1048576K
}
Event: 13.946 GC heap before
{Heap before GC invocations=5 (full 0):
 PSYoungGen      total 29696K, used 29685K [0x00000000eab00000, 0x00000000ecc00000, 0x0000000100000000)
  eden space 25600K, 100% used [0x00000000eab00000,0x00000000ec400000,0x00000000ec400000)
  from space 4096K, 99% used [0x00000000ec800000,0x00000000ecbfd7e0,0x00000000ecc00000)
  to   space 4096K, 0% used [0x00000000ec400000,0x00000000ec400000,0x00000000ec800000)
 ParOldGen       total 68608K, used 4798K [0x00000000c0000000, 0x00000000c4300000, 0x00000000eab00000)
  object space 68608K, 6% used [0x00000000c0000000,0x00000000c04afae8,0x00000000c4300000)
 Metaspace       used 20214K, committed 20864K, reserved 1114112K
  class space    used 1911K, committed 2176K, reserved 1048576K
}
Event: 13.956 GC heap after
{Heap after GC invocations=5 (full 0):
 PSYoungGen      total 29184K, used 4084K [0x00000000eab00000, 0x00000000ecd80000, 0x0000000100000000)
  eden space 25088K, 0% used [0x00000000eab00000,0x00000000eab00000,0x00000000ec380000)
  from space 4096K, 99% used [0x00000000ec400000,0x00000000ec7fd178,0x00000000ec800000)
  to   space 5120K, 0% used [0x00000000ec880000,0x00000000ec880000,0x00000000ecd80000)
 ParOldGen       total 68608K, used 5030K [0x00000000c0000000, 0x00000000c4300000, 0x00000000eab00000)
  object space 68608K, 7% used [0x00000000c0000000,0x00000000c04e9ae8,0x00000000c4300000)
 Metaspace       used 20214K, committed 20864K, reserved 1114112K
  class space    used 1911K, committed 2176K, reserved 1048576K
}
Event: 14.165 GC heap before
{Heap before GC invocations=6 (full 0):
 PSYoungGen      total 29184K, used 10275K [0x00000000eab00000, 0x00000000ecd80000, 0x0000000100000000)
  eden space 25088K, 24% used [0x00000000eab00000,0x00000000eb10bda8,0x00000000ec380000)
  from space 4096K, 99% used [0x00000000ec400000,0x00000000ec7fd178,0x00000000ec800000)
  to   space 5120K, 0% used [0x00000000ec880000,0x00000000ec880000,0x00000000ecd80000)
 ParOldGen       total 68608K, used 5030K [0x00000000c0000000, 0x00000000c4300000, 0x00000000eab00000)
  object space 68608K, 7% used [0x00000000c0000000,0x00000000c04e9ae8,0x00000000c4300000)
 Metaspace       used 20867K, committed 21504K, reserved 1114112K
  class space    used 1952K, committed 2176K, reserved 1048576K
}
Event: 14.174 GC heap after
{Heap after GC invocations=6 (full 0):
 PSYoungGen      total 29696K, used 4477K [0x00000000eab00000, 0x00000000ecd00000, 0x0000000100000000)
  eden space 25088K, 0% used [0x00000000eab00000,0x00000000eab00000,0x00000000ec380000)
  from space 4608K, 97% used [0x00000000ec880000,0x00000000eccdf4e8,0x00000000ecd00000)
  to   space 4608K, 0% used [0x00000000ec400000,0x00000000ec400000,0x00000000ec880000)
 ParOldGen       total 68608K, used 5030K [0x00000000c0000000, 0x00000000c4300000, 0x00000000eab00000)
  object space 68608K, 7% used [0x00000000c0000000,0x00000000c04e9ae8,0x00000000c4300000)
 Metaspace       used 20867K, committed 21504K, reserved 1114112K
  class space    used 1952K, committed 2176K, reserved 1048576K
}
Event: 14.174 GC heap before
{Heap before GC invocations=7 (full 1):
 PSYoungGen      total 29696K, used 4477K [0x00000000eab00000, 0x00000000ecd00000, 0x0000000100000000)
  eden space 25088K, 0% used [0x00000000eab00000,0x00000000eab00000,0x00000000ec380000)
  from space 4608K, 97% used [0x00000000ec880000,0x00000000eccdf4e8,0x00000000ecd00000)
  to   space 4608K, 0% used [0x00000000ec400000,0x00000000ec400000,0x00000000ec880000)
 ParOldGen       total 68608K, used 5030K [0x00000000c0000000, 0x00000000c4300000, 0x00000000eab00000)
  object space 68608K, 7% used [0x00000000c0000000,0x00000000c04e9ae8,0x00000000c4300000)
 Metaspace       used 20867K, committed 21504K, reserved 1114112K
  class space    used 1952K, committed 2176K, reserved 1048576K
}
Event: 14.246 GC heap after
{Heap after GC invocations=7 (full 1):
 PSYoungGen      total 29696K, used 0K [0x00000000eab00000, 0x00000000ecd00000, 0x0000000100000000)
  eden space 25088K, 0% used [0x00000000eab00000,0x00000000eab00000,0x00000000ec380000)
  from space 4608K, 0% used [0x00000000ec880000,0x00000000ec880000,0x00000000ecd00000)
  to   space 4608K, 0% used [0x00000000ec400000,0x00000000ec400000,0x00000000ec880000)
 ParOldGen       total 68608K, used 9089K [0x00000000c0000000, 0x00000000c4300000, 0x00000000eab00000)
  object space 68608K, 13% used [0x00000000c0000000,0x00000000c08e0590,0x00000000c4300000)
 Metaspace       used 20854K, committed 21504K, reserved 1114112K
  class space    used 1948K, committed 2176K, reserved 1048576K
}
Event: 15.457 GC heap before
{Heap before GC invocations=8 (full 1):
 PSYoungGen      total 29696K, used 25088K [0x00000000eab00000, 0x00000000ecd00000, 0x0000000100000000)
  eden space 25088K, 100% used [0x00000000eab00000,0x00000000ec380000,0x00000000ec380000)
  from space 4608K, 0% used [0x00000000ec880000,0x00000000ec880000,0x00000000ecd00000)
  to   space 4608K, 0% used [0x00000000ec400000,0x00000000ec400000,0x00000000ec880000)
 ParOldGen       total 68608K, used 9089K [0x00000000c0000000, 0x00000000c4300000, 0x00000000eab00000)
  object space 68608K, 13% used [0x00000000c0000000,0x00000000c08e0590,0x00000000c4300000)
 Metaspace       used 22874K, committed 23552K, reserved 1114112K
  class space    used 2117K, committed 2368K, reserved 1048576K
}
Event: 15.465 GC heap after
{Heap after GC invocations=8 (full 1):
 PSYoungGen      total 27648K, used 2669K [0x00000000eab00000, 0x00000000eca00000, 0x0000000100000000)
  eden space 24576K, 0% used [0x00000000eab00000,0x00000000eab00000,0x00000000ec300000)
  from space 3072K, 86% used [0x00000000ec400000,0x00000000ec69b410,0x00000000ec700000)
  to   space 3072K, 0% used [0x00000000ec700000,0x00000000ec700000,0x00000000eca00000)
 ParOldGen       total 68608K, used 9097K [0x00000000c0000000, 0x00000000c4300000, 0x00000000eab00000)
  object space 68608K, 13% used [0x00000000c0000000,0x00000000c08e2590,0x00000000c4300000)
 Metaspace       used 22874K, committed 23552K, reserved 1114112K
  class space    used 2117K, committed 2368K, reserved 1048576K
}

Dll operation events (10 events):
Event: 0.039 Loaded shared library c:\Users\brayan antonio\.vscode\extensions\redhat.java-1.41.1-win32-x64\jre\21.0.6-win32-x86_64\bin\java.dll
Event: 0.523 Loaded shared library c:\Users\brayan antonio\.vscode\extensions\redhat.java-1.41.1-win32-x64\jre\21.0.6-win32-x86_64\bin\zip.dll
Event: 0.718 Loaded shared library C:\Users\brayan antonio\.vscode\extensions\redhat.java-1.41.1-win32-x64\jre\21.0.6-win32-x86_64\bin\instrument.dll
Event: 0.773 Loaded shared library C:\Users\brayan antonio\.vscode\extensions\redhat.java-1.41.1-win32-x64\jre\21.0.6-win32-x86_64\bin\net.dll
Event: 0.786 Loaded shared library C:\Users\brayan antonio\.vscode\extensions\redhat.java-1.41.1-win32-x64\jre\21.0.6-win32-x86_64\bin\nio.dll
Event: 0.806 Loaded shared library C:\Users\brayan antonio\.vscode\extensions\redhat.java-1.41.1-win32-x64\jre\21.0.6-win32-x86_64\bin\zip.dll
Event: 0.982 Loaded shared library C:\Users\brayan antonio\.vscode\extensions\redhat.java-1.41.1-win32-x64\jre\21.0.6-win32-x86_64\bin\jimage.dll
Event: 1.492 Loaded shared library c:\Users\brayan antonio\.vscode\extensions\redhat.java-1.41.1-win32-x64\jre\21.0.6-win32-x86_64\bin\verify.dll
Event: 7.233 Loaded shared library C:\Users\brayan antonio\AppData\Roaming\Code\User\globalStorage\redhat.java\1.41.1\config_ss_win\org.eclipse.equinox.launcher\org.eclipse.equinox.launcher.win32.win32.x86_64_1.2.1300.v20250331-1702\eclipse_11911.dll
Event: 11.822 Loaded shared library C:\Users\brayan antonio\AppData\Local\Temp\jna-110211905\jna6106807008869327403.dll

Deoptimization events (20 events):
Event: 16.034 Thread 0x000001ad735da630 DEOPT PACKING pc=0x000001ad5c5b7449 sp=0x00000097059f8a70
Event: 16.034 Thread 0x000001ad735da630 DEOPT UNPACKING pc=0x000001ad63584242 sp=0x00000097059f7ee0 mode 0
Event: 16.034 Thread 0x000001ad735da630 DEOPT PACKING pc=0x000001ad5c5b7449 sp=0x00000097059f8a70
Event: 16.034 Thread 0x000001ad735da630 DEOPT UNPACKING pc=0x000001ad63584242 sp=0x00000097059f7ee0 mode 0
Event: 16.035 Thread 0x000001ad735da630 DEOPT PACKING pc=0x000001ad5c5b7449 sp=0x00000097059f8a70
Event: 16.035 Thread 0x000001ad735da630 DEOPT UNPACKING pc=0x000001ad63584242 sp=0x00000097059f7ee0 mode 0
Event: 16.035 Thread 0x000001ad735da630 DEOPT PACKING pc=0x000001ad5c5b7449 sp=0x00000097059f8a70
Event: 16.035 Thread 0x000001ad735da630 DEOPT UNPACKING pc=0x000001ad63584242 sp=0x00000097059f7ee0 mode 0
Event: 16.036 Thread 0x000001ad735da630 DEOPT PACKING pc=0x000001ad5c5b7449 sp=0x00000097059f8a70
Event: 16.036 Thread 0x000001ad735da630 DEOPT UNPACKING pc=0x000001ad63584242 sp=0x00000097059f7ee0 mode 0
Event: 16.037 Thread 0x000001ad735da630 DEOPT PACKING pc=0x000001ad5c5b7449 sp=0x00000097059f8a70
Event: 16.037 Thread 0x000001ad735da630 DEOPT UNPACKING pc=0x000001ad63584242 sp=0x00000097059f7ee0 mode 0
Event: 16.037 Thread 0x000001ad735da630 DEOPT PACKING pc=0x000001ad5c5b7449 sp=0x00000097059f8a70
Event: 16.037 Thread 0x000001ad735da630 DEOPT UNPACKING pc=0x000001ad63584242 sp=0x00000097059f7ee0 mode 0
Event: 16.038 Thread 0x000001ad735da630 DEOPT PACKING pc=0x000001ad5c5b7449 sp=0x00000097059f8a70
Event: 16.038 Thread 0x000001ad735da630 DEOPT UNPACKING pc=0x000001ad63584242 sp=0x00000097059f7ee0 mode 0
Event: 16.038 Thread 0x000001ad735da630 DEOPT PACKING pc=0x000001ad5c5b7449 sp=0x00000097059f8a70
Event: 16.038 Thread 0x000001ad735da630 DEOPT UNPACKING pc=0x000001ad63584242 sp=0x00000097059f7ee0 mode 0
Event: 16.039 Thread 0x000001ad735da630 DEOPT PACKING pc=0x000001ad5c5b7449 sp=0x00000097059f8a70
Event: 16.039 Thread 0x000001ad735da630 DEOPT UNPACKING pc=0x000001ad63584242 sp=0x00000097059f7ee0 mode 0

Classes loaded (20 events):
Event: 15.732 Loading class sun/util/resources/TimeZoneNames
Event: 15.736 Loading class sun/util/resources/TimeZoneNames done
Event: 15.737 Loading class sun/util/resources/TimeZoneNames_en
Event: 15.738 Loading class sun/util/resources/TimeZoneNames_en done
Event: 15.763 Loading class sun/nio/fs/WindowsPath$1
Event: 15.764 Loading class sun/nio/fs/WindowsPath$1 done
Event: 15.765 Loading class sun/nio/fs/WindowsChannelFactory$2
Event: 15.766 Loading class sun/nio/fs/WindowsChannelFactory$2 done
Event: 15.768 Loading class sun/nio/ch/ChannelOutputStream
Event: 15.769 Loading class sun/nio/ch/ChannelOutputStream done
Event: 15.775 Loading class sun/nio/fs/WindowsFileCopy
Event: 15.782 Loading class sun/nio/fs/WindowsFileCopy done
Event: 15.972 Loading class java/util/UUID$Holder
Event: 15.973 Loading class java/util/UUID$Holder done
Event: 16.057 Loading class java/util/DualPivotQuicksort
Event: 16.058 Loading class java/util/DualPivotQuicksort done
Event: 16.069 Loading class java/lang/Character$UnicodeBlock
Event: 16.075 Loading class java/lang/Character$Subset
Event: 16.075 Loading class java/lang/Character$Subset done
Event: 16.082 Loading class java/lang/Character$UnicodeBlock done

Classes unloaded (7 events):
Event: 14.183 Thread 0x000001ad58ece8d0 Unloading class 0x000001ad01180c00 'java/lang/invoke/LambdaForm$MH+0x000001ad01180c00'
Event: 14.183 Thread 0x000001ad58ece8d0 Unloading class 0x000001ad01180800 'java/lang/invoke/LambdaForm$MH+0x000001ad01180800'
Event: 14.183 Thread 0x000001ad58ece8d0 Unloading class 0x000001ad01180400 'java/lang/invoke/LambdaForm$MH+0x000001ad01180400'
Event: 14.183 Thread 0x000001ad58ece8d0 Unloading class 0x000001ad01180000 'java/lang/invoke/LambdaForm$MH+0x000001ad01180000'
Event: 14.183 Thread 0x000001ad58ece8d0 Unloading class 0x000001ad0117fc00 'java/lang/invoke/LambdaForm$BMH+0x000001ad0117fc00'
Event: 14.183 Thread 0x000001ad58ece8d0 Unloading class 0x000001ad0117f800 'java/lang/invoke/LambdaForm$DMH+0x000001ad0117f800'
Event: 14.183 Thread 0x000001ad58ece8d0 Unloading class 0x000001ad0117e400 'java/lang/invoke/LambdaForm$DMH+0x000001ad0117e400'

Classes redefined (0 events):
No events

Internal exceptions (20 events):
Event: 12.058 Thread 0x000001ad735da630 Exception <a 'java/lang/NoSuchMethodError'{0x00000000eb9fd538}: 'void java.lang.invoke.Invokers$Holder.invokeExact_MT(java.lang.Object, java.lang.Object, int, java.lang.Object)'> (0x00000000eb9fd538) 
thrown [s\src\hotspot\share\interpreter\linkResolver.cpp, line 773]
Event: 12.153 Thread 0x000001ad735da630 Exception <a 'java/lang/NoSuchMethodError'{0x00000000ebaff6d8}: 'java.lang.Object java.lang.invoke.DirectMethodHandle$Holder.invokeSpecial(java.lang.Object, java.lang.Object, java.lang.Object, long, java.lang.Object)'> (0x00000000ebaff6d8) 
thrown [s\src\hotspot\share\interpreter\linkResolver.cpp, line 773]
Event: 12.156 Thread 0x000001ad735da630 Exception <a 'java/lang/NoSuchMethodError'{0x00000000ebb06e68}: 'java.lang.Object java.lang.invoke.DirectMethodHandle$Holder.newInvokeSpecial(java.lang.Object, java.lang.Object, java.lang.Object, long)'> (0x00000000ebb06e68) 
thrown [s\src\hotspot\share\interpreter\linkResolver.cpp, line 773]
Event: 12.157 Thread 0x000001ad735da630 Exception <a 'java/lang/NoSuchMethodError'{0x00000000ebb0aae8}: 'java.lang.Object java.lang.invoke.Invokers$Holder.linkToTargetMethod(java.lang.Object, java.lang.Object, long, java.lang.Object)'> (0x00000000ebb0aae8) 
thrown [s\src\hotspot\share\interpreter\linkResolver.cpp, line 773]
Event: 12.197 Thread 0x000001ad735da630 Exception <a 'java/lang/NoSuchMethodError'{0x00000000ebb628c0}: 'int java.lang.invoke.DirectMethodHandle$Holder.invokeStaticInit(java.lang.Object, java.lang.Object, java.lang.Object)'> (0x00000000ebb628c0) 
thrown [s\src\hotspot\share\interpreter\linkResolver.cpp, line 773]
Event: 12.251 Thread 0x000001ad735da630 Exception <a 'java/lang/IncompatibleClassChangeError'{0x00000000ebbff258}: Found class java.lang.Object, but interface was expected> (0x00000000ebbff258) 
thrown [s\src\hotspot\share\interpreter\linkResolver.cpp, line 840]
Event: 12.267 Thread 0x000001ad735da630 Exception <a 'java/lang/NoSuchMethodError'{0x00000000ebc175b8}: 'java.lang.Object java.lang.invoke.DirectMethodHandle$Holder.invokeSpecial(java.lang.Object, java.lang.Object, java.lang.Object, int, java.lang.Object, java.lang.Object)'> (0x00000000ebc175b8) 
thrown [s\src\hotspot\share\interpreter\linkResolver.cpp, line 773]
Event: 12.268 Thread 0x000001ad735da630 Exception <a 'java/lang/NoSuchMethodError'{0x00000000ebc1ee50}: 'java.lang.Object java.lang.invoke.DirectMethodHandle$Holder.newInvokeSpecial(java.lang.Object, java.lang.Object, java.lang.Object, int, java.lang.Object)'> (0x00000000ebc1ee50) 
thrown [s\src\hotspot\share\interpreter\linkResolver.cpp, line 773]
Event: 12.269 Thread 0x000001ad735da630 Exception <a 'java/lang/NoSuchMethodError'{0x00000000ebc22940}: 'java.lang.Object java.lang.invoke.Invokers$Holder.linkToTargetMethod(java.lang.Object, java.lang.Object, int, java.lang.Object, java.lang.Object)'> (0x00000000ebc22940) 
thrown [s\src\hotspot\share\interpreter\linkResolver.cpp, line 773]
Event: 12.271 Thread 0x000001ad735dacc0 Exception <a 'java/lang/NoSuchMethodError'{0x00000000ebb6a348}: 'java.lang.Object java.lang.invoke.DirectMethodHandle$Holder.invokeSpecial(java.lang.Object, java.lang.Object, int, java.lang.Object, java.lang.Object)'> (0x00000000ebb6a348) 
thrown [s\src\hotspot\share\interpreter\linkResolver.cpp, line 773]
Event: 12.273 Thread 0x000001ad735dacc0 Exception <a 'java/lang/NoSuchMethodError'{0x00000000ebb71080}: 'java.lang.Object java.lang.invoke.DirectMethodHandle$Holder.newInvokeSpecial(java.lang.Object, java.lang.Object, int, java.lang.Object)'> (0x00000000ebb71080) 
thrown [s\src\hotspot\share\interpreter\linkResolver.cpp, line 773]
Event: 12.366 Thread 0x000001ad735da630 Exception <a 'java/lang/NoSuchMethodError'{0x00000000ebd245d8}: 'void java.lang.invoke.DirectMethodHandle$Holder.invokeSpecial(java.lang.Object, java.lang.Object, java.lang.Object, java.lang.Object, java.lang.Object)'> (0x00000000ebd245d8) 
thrown [s\src\hotspot\share\interpreter\linkResolver.cpp, line 773]
Event: 12.521 Thread 0x000001ad735da630 Exception <a 'java/lang/NoSuchMethodError'{0x00000000ec01a940}: 'double java.lang.invoke.DirectMethodHandle$Holder.invokeStatic(java.lang.Object, java.lang.Object)'> (0x00000000ec01a940) 
thrown [s\src\hotspot\share\interpreter\linkResolver.cpp, line 773]
Event: 12.522 Thread 0x000001ad735da630 Exception <a 'java/lang/NoSuchMethodError'{0x00000000ec01e000}: 'double java.lang.invoke.DirectMethodHandle$Holder.invokeStaticInit(java.lang.Object, java.lang.Object)'> (0x00000000ec01e000) 
thrown [s\src\hotspot\share\interpreter\linkResolver.cpp, line 773]
Event: 13.968 Thread 0x000001ad735da630 Implicit null exception at 0x000001ad63be87f5 to 0x000001ad63be88d0
Event: 15.360 Thread 0x000001ad735da630 Exception <a 'java/lang/ClassNotFoundException'{0x00000000ec190510}: com/sun/org/apache/xerces/internal/impl/msg/spi/DOMMessagesProvider> (0x00000000ec190510) 
thrown [s\src\hotspot\share\classfile\systemDictionary.cpp, line 312]
Event: 15.369 Thread 0x000001ad735da630 Exception <a 'java/lang/ClassNotFoundException'{0x00000000ec1bf200}: com/sun/org/apache/xerces/internal/impl/msg/spi/XMLSerializerMessagesProvider> (0x00000000ec1bf200) 
thrown [s\src\hotspot\share\classfile\systemDictionary.cpp, line 312]
Event: 15.374 Thread 0x000001ad735da630 Exception <a 'java/lang/ClassNotFoundException'{0x00000000ec1d77c8}: com/sun/org/apache/xerces/internal/impl/msg/spi/XMLMessagesProvider> (0x00000000ec1d77c8) 
thrown [s\src\hotspot\share\classfile\systemDictionary.cpp, line 312]
Event: 15.468 Thread 0x000001ad735da630 Exception <a 'java/lang/NoSuchMethodError'{0x00000000eab07220}: 'java.lang.Object java.lang.invoke.DirectMethodHandle$Holder.newInvokeSpecial(java.lang.Object, int, java.lang.Object, java.lang.Object)'> (0x00000000eab07220) 
thrown [s\src\hotspot\share\interpreter\linkResolver.cpp, line 773]
Event: 15.652 Thread 0x000001ad735da630 Exception <a 'sun/nio/fs/WindowsException'{0x00000000ead42868}> (0x00000000ead42868) 
thrown [s\src\hotspot\share\prims\jni.cpp, line 520]

ZGC Phase Switch (0 events):
No events

VM Operations (20 events):
Event: 11.876 Executing VM operation: HandshakeAllThreads (Deoptimize) done
Event: 12.737 Executing VM operation: ParallelGCFailedAllocation (Allocation Failure)
Event: 12.747 Executing VM operation: ParallelGCFailedAllocation (Allocation Failure) done
Event: 13.747 Executing VM operation: Cleanup
Event: 13.748 Executing VM operation: Cleanup done
Event: 13.946 Executing VM operation: ParallelGCFailedAllocation (Allocation Failure)
Event: 13.957 Executing VM operation: ParallelGCFailedAllocation (Allocation Failure) done
Event: 14.164 Executing VM operation: CollectForMetadataAllocation (Metadata GC Threshold)
Event: 14.246 Executing VM operation: CollectForMetadataAllocation (Metadata GC Threshold) done
Event: 15.108 Executing VM operation: HandshakeAllThreads (Deoptimize)
Event: 15.108 Executing VM operation: HandshakeAllThreads (Deoptimize) done
Event: 15.457 Executing VM operation: ParallelGCFailedAllocation (Allocation Failure)
Event: 15.465 Executing VM operation: ParallelGCFailedAllocation (Allocation Failure) done
Event: 15.617 Executing VM operation: HandshakeAllThreads (Deoptimize)
Event: 15.618 Executing VM operation: HandshakeAllThreads (Deoptimize) done
Event: 16.040 Executing VM operation: HandshakeAllThreads (Deoptimize)
Event: 16.040 Executing VM operation: HandshakeAllThreads (Deoptimize) done
Event: 16.042 Executing VM operation: HandshakeAllThreads (Deoptimize)
Event: 16.042 Executing VM operation: HandshakeAllThreads (Deoptimize) done
Event: 17.043 Executing VM operation: Cleanup

Memory protections (0 events):
No events

Nmethod flushes (0 events):
No events

Events (20 events):
Event: 8.606 Thread 0x000001ad6edfd4e0 Thread exited: 0x000001ad6edfd4e0
Event: 8.643 Thread 0x000001ad6edfce40 Thread exited: 0x000001ad6edfce40
Event: 9.663 Thread 0x000001ad735da630 Thread added: 0x000001ad735dcd90
Event: 10.065 Thread 0x000001ad6d1d45f0 Thread added: 0x000001ad73559490
Event: 10.203 Thread 0x000001ad73559490 Thread exited: 0x000001ad73559490
Event: 10.617 Thread 0x000001ad6d1daf80 Thread added: 0x000001ad73351b80
Event: 11.013 Thread 0x000001ad73351b80 Thread added: 0x000001ad7353c4f0
Event: 11.143 Thread 0x000001ad7353c4f0 Thread exited: 0x000001ad7353c4f0
Event: 11.143 Thread 0x000001ad73351b80 Thread exited: 0x000001ad73351b80
Event: 11.988 Thread 0x000001ad735da630 Thread added: 0x000001ad735d9fa0
Event: 12.177 Thread 0x000001ad735da630 Thread added: 0x000001ad735dacc0
Event: 12.276 Thread 0x000001ad735da630 Thread added: 0x000001ad735db350
Event: 12.891 Thread 0x000001ad6d1daf80 Thread added: 0x000001ad73bf4250
Event: 13.089 Thread 0x000001ad73bf4250 Thread exited: 0x000001ad73bf4250
Event: 14.404 Thread 0x000001ad6d1daf80 Thread added: 0x000001ad73b7acf0
Event: 15.132 Thread 0x000001ad73b7acf0 Thread exited: 0x000001ad73b7acf0
Event: 15.383 Thread 0x000001ad6d1daf80 Thread added: 0x000001ad7538a810
Event: 15.435 Thread 0x000001ad735da630 Thread added: 0x000001ad7522b3c0
Event: 15.814 Thread 0x000001ad7522b3c0 Thread exited: 0x000001ad7522b3c0
Event: 16.016 Thread 0x000001ad7538a810 Thread exited: 0x000001ad7538a810


Dynamic libraries:
0x00007ff7bb310000 - 0x00007ff7bb31e000 	c:\Users\brayan antonio\.vscode\extensions\redhat.java-1.41.1-win32-x64\jre\21.0.6-win32-x86_64\bin\java.exe
0x00007ffd6ea80000 - 0x00007ffd6ece0000 	C:\WINDOWS\SYSTEM32\ntdll.dll
0x00007ffd6d210000 - 0x00007ffd6d2d7000 	C:\WINDOWS\System32\KERNEL32.DLL
0x00007ffd6bc90000 - 0x00007ffd6c05a000 	C:\WINDOWS\System32\KERNELBASE.dll
0x00007ffd6c5c0000 - 0x00007ffd6c70b000 	C:\WINDOWS\System32\ucrtbase.dll
0x00007ffd52b50000 - 0x00007ffd52b68000 	c:\Users\brayan antonio\.vscode\extensions\redhat.java-1.41.1-win32-x64\jre\21.0.6-win32-x86_64\bin\jli.dll
0x00007ffd576a0000 - 0x00007ffd576be000 	c:\Users\brayan antonio\.vscode\extensions\redhat.java-1.41.1-win32-x64\jre\21.0.6-win32-x86_64\bin\VCRUNTIME140.dll
0x00007ffd6d7d0000 - 0x00007ffd6d99c000 	C:\WINDOWS\System32\USER32.dll
0x00007ffd6bc60000 - 0x00007ffd6bc87000 	C:\WINDOWS\System32\win32u.dll
0x00007ffd4d390000 - 0x00007ffd4d627000 	C:\WINDOWS\WinSxS\amd64_microsoft.windows.common-controls_6595b64144ccf1df_6.0.26100.3624_none_3e086962e3345f24\COMCTL32.dll
0x00007ffd6db10000 - 0x00007ffd6dbb9000 	C:\WINDOWS\System32\msvcrt.dll
0x00007ffd6d9e0000 - 0x00007ffd6da0a000 	C:\WINDOWS\System32\GDI32.dll
0x00007ffd6c480000 - 0x00007ffd6c5b1000 	C:\WINDOWS\System32\gdi32full.dll
0x00007ffd6c3d0000 - 0x00007ffd6c473000 	C:\WINDOWS\System32\msvcp_win.dll
0x00007ffd6d9a0000 - 0x00007ffd6d9cf000 	C:\WINDOWS\System32\IMM32.DLL
0x00007ffd66de0000 - 0x00007ffd66dec000 	c:\Users\brayan antonio\.vscode\extensions\redhat.java-1.41.1-win32-x64\jre\21.0.6-win32-x86_64\bin\vcruntime140_1.dll
0x00007ffd22150000 - 0x00007ffd221dd000 	c:\Users\brayan antonio\.vscode\extensions\redhat.java-1.41.1-win32-x64\jre\21.0.6-win32-x86_64\bin\msvcp140.dll
0x00007ffd1cda0000 - 0x00007ffd1db30000 	c:\Users\brayan antonio\.vscode\extensions\redhat.java-1.41.1-win32-x64\jre\21.0.6-win32-x86_64\bin\server\jvm.dll
0x00007ffd6d2e0000 - 0x00007ffd6d392000 	C:\WINDOWS\System32\ADVAPI32.dll
0x00007ffd6d030000 - 0x00007ffd6d0d6000 	C:\WINDOWS\System32\sechost.dll
0x00007ffd6d0e0000 - 0x00007ffd6d1f6000 	C:\WINDOWS\System32\RPCRT4.dll
0x00007ffd6cfb0000 - 0x00007ffd6d024000 	C:\WINDOWS\System32\WS2_32.dll
0x00007ffd6bad0000 - 0x00007ffd6bb2e000 	C:\WINDOWS\SYSTEM32\POWRPROF.dll
0x00007ffd63640000 - 0x00007ffd63676000 	C:\WINDOWS\SYSTEM32\WINMM.dll
0x00007ffd63680000 - 0x00007ffd6368b000 	C:\WINDOWS\SYSTEM32\VERSION.dll
0x00007ffd6ba90000 - 0x00007ffd6baa4000 	C:\WINDOWS\SYSTEM32\UMPDC.dll
0x00007ffd6aa70000 - 0x00007ffd6aa8a000 	C:\WINDOWS\SYSTEM32\kernel.appcore.dll
0x00007ffd66d10000 - 0x00007ffd66d1a000 	c:\Users\brayan antonio\.vscode\extensions\redhat.java-1.41.1-win32-x64\jre\21.0.6-win32-x86_64\bin\jimage.dll
0x00007ffd69670000 - 0x00007ffd698b1000 	C:\WINDOWS\SYSTEM32\DBGHELP.DLL
0x00007ffd6d3a0000 - 0x00007ffd6d722000 	C:\WINDOWS\System32\combase.dll
0x00007ffd6de60000 - 0x00007ffd6df36000 	C:\WINDOWS\System32\OLEAUT32.dll
0x00007ffd4b130000 - 0x00007ffd4b169000 	C:\WINDOWS\SYSTEM32\dbgcore.DLL
0x00007ffd6c1e0000 - 0x00007ffd6c279000 	C:\WINDOWS\System32\bcryptPrimitives.dll
0x00007ffd65170000 - 0x00007ffd6517f000 	c:\Users\brayan antonio\.vscode\extensions\redhat.java-1.41.1-win32-x64\jre\21.0.6-win32-x86_64\bin\instrument.dll
0x00007ffd516a0000 - 0x00007ffd516bf000 	c:\Users\brayan antonio\.vscode\extensions\redhat.java-1.41.1-win32-x64\jre\21.0.6-win32-x86_64\bin\java.dll
0x00007ffd6c880000 - 0x00007ffd6cfa9000 	C:\WINDOWS\System32\SHELL32.dll
0x00007ffd6c710000 - 0x00007ffd6c878000 	C:\WINDOWS\System32\wintypes.dll
0x00007ffd698f0000 - 0x00007ffd6a142000 	C:\WINDOWS\SYSTEM32\windows.storage.dll
0x00007ffd6dfc0000 - 0x00007ffd6e0ad000 	C:\WINDOWS\System32\SHCORE.dll
0x00007ffd6e930000 - 0x00007ffd6e994000 	C:\WINDOWS\System32\shlwapi.dll
0x00007ffd6bb70000 - 0x00007ffd6bb9f000 	C:\WINDOWS\SYSTEM32\profapi.dll
0x00007ffd4ff30000 - 0x00007ffd4ff48000 	c:\Users\brayan antonio\.vscode\extensions\redhat.java-1.41.1-win32-x64\jre\21.0.6-win32-x86_64\bin\zip.dll
0x00007ffd64ff0000 - 0x00007ffd65000000 	C:\Users\brayan antonio\.vscode\extensions\redhat.java-1.41.1-win32-x64\jre\21.0.6-win32-x86_64\bin\net.dll
0x00007ffd63b80000 - 0x00007ffd63c9d000 	C:\WINDOWS\SYSTEM32\WINHTTP.dll
0x00007ffd6af90000 - 0x00007ffd6affa000 	C:\WINDOWS\system32\mswsock.dll
0x00007ffd4ded0000 - 0x00007ffd4dee6000 	C:\Users\brayan antonio\.vscode\extensions\redhat.java-1.41.1-win32-x64\jre\21.0.6-win32-x86_64\bin\nio.dll
0x00007ffd612a0000 - 0x00007ffd612b0000 	c:\Users\brayan antonio\.vscode\extensions\redhat.java-1.41.1-win32-x64\jre\21.0.6-win32-x86_64\bin\verify.dll
0x00007ffd51750000 - 0x00007ffd51795000 	C:\Users\brayan antonio\AppData\Roaming\Code\User\globalStorage\redhat.java\1.41.1\config_ss_win\org.eclipse.equinox.launcher\org.eclipse.equinox.launcher.win32.win32.x86_64_1.2.1300.v20250331-1702\eclipse_11911.dll
0x00007ffd6dcc0000 - 0x00007ffd6de56000 	C:\WINDOWS\System32\ole32.dll
0x00007ffd6b230000 - 0x00007ffd6b24c000 	C:\WINDOWS\SYSTEM32\CRYPTSP.dll
0x00007ffd6a9d0000 - 0x00007ffd6aa0a000 	C:\WINDOWS\system32\rsaenh.dll
0x00007ffd6b030000 - 0x00007ffd6b05b000 	C:\WINDOWS\SYSTEM32\USERENV.dll
0x00007ffd6bb40000 - 0x00007ffd6bb66000 	C:\WINDOWS\SYSTEM32\bcrypt.dll
0x00007ffd6b250000 - 0x00007ffd6b25c000 	C:\WINDOWS\SYSTEM32\CRYPTBASE.dll
0x00007ffd6a4b0000 - 0x00007ffd6a4e3000 	C:\WINDOWS\SYSTEM32\IPHLPAPI.DLL
0x00007ffd6d760000 - 0x00007ffd6d76a000 	C:\WINDOWS\System32\NSI.dll
0x00007ffd47250000 - 0x00007ffd47299000 	C:\Users\brayan antonio\AppData\Local\Temp\jna-110211905\jna6106807008869327403.dll
0x00007ffd6e540000 - 0x00007ffd6e548000 	C:\WINDOWS\System32\PSAPI.DLL

dbghelp: loaded successfully - version: 4.0.5 - missing functions: none
symbol engine: initialized successfully - sym options: 0x614 - pdb path: .;c:\Users\brayan antonio\.vscode\extensions\redhat.java-1.41.1-win32-x64\jre\21.0.6-win32-x86_64\bin;C:\WINDOWS\SYSTEM32;C:\WINDOWS\WinSxS\amd64_microsoft.windows.common-controls_6595b64144ccf1df_6.0.26100.3624_none_3e086962e3345f24;c:\Users\brayan antonio\.vscode\extensions\redhat.java-1.41.1-win32-x64\jre\21.0.6-win32-x86_64\bin\server;C:\Users\brayan antonio\AppData\Roaming\Code\User\globalStorage\redhat.java\1.41.1\config_ss_win\org.eclipse.equinox.launcher\org.eclipse.equinox.launcher.win32.win32.x86_64_1.2.1300.v20250331-1702;C:\Users\brayan antonio\AppData\Local\Temp\jna-110211905

VM Arguments:
jvm_args: --add-modules=ALL-SYSTEM --add-opens=java.base/java.util=ALL-UNNAMED --add-opens=java.base/java.lang=ALL-UNNAMED --add-opens=java.base/sun.nio.fs=ALL-UNNAMED -Declipse.application=org.eclipse.jdt.ls.core.id1 -Dosgi.bundles.defaultStartLevel=4 -Declipse.product=org.eclipse.jdt.ls.core.product -Djava.import.generatesMetadataFilesAtProjectRoot=false -DDetectVMInstallationsJob.disabled=true -Dfile.encoding=utf8 -XX:+UseParallelGC -XX:GCTimeRatio=4 -XX:AdaptiveSizePolicyWeight=90 -Dsun.zip.disableMemoryMapping=true -Xmx1G -Xms100m -Xlog:disable -javaagent:c:\Users\brayan antonio\.vscode\extensions\redhat.java-1.41.1-win32-x64\lombok\lombok-1.18.36.jar 
java_command: c:\Users\brayan antonio\.vscode\extensions\redhat.java-1.41.1-win32-x64\server\plugins\org.eclipse.equinox.launcher_1.7.0.v20250331-1702.jar -configuration c:\Users\brayan antonio\AppData\Roaming\Code\User\globalStorage\redhat.java\1.41.1\config_ss_win -data c:\Users\brayan antonio\AppData\Roaming\Code\User\workspaceStorage\c2344557cc2e22e276c49849a3694527\redhat.java\ss_ws --pipe=\\.\pipe\lsp-27e5b5882b66c73738ef060ce6077839-sock
java_class_path (initial): c:\Users\brayan antonio\.vscode\extensions\redhat.java-1.41.1-win32-x64\server\plugins\org.eclipse.equinox.launcher_1.7.0.v20250331-1702.jar
Launcher Type: SUN_STANDARD

[Global flags]
    uintx AdaptiveSizePolicyWeight                 = 90                                        {product} {command line}
     intx CICompilerCount                          = 4                                         {product} {ergonomic}
    uintx GCTimeRatio                              = 4                                         {product} {command line}
   size_t InitialHeapSize                          = 104857600                                 {product} {command line}
   size_t MaxHeapSize                              = 1073741824                                {product} {command line}
   size_t MaxNewSize                               = 357564416                                 {product} {ergonomic}
   size_t MinHeapDeltaBytes                        = 524288                                    {product} {ergonomic}
   size_t MinHeapSize                              = 104857600                                 {product} {command line}
   size_t NewSize                                  = 34603008                                  {product} {ergonomic}
    uintx NonNMethodCodeHeapSize                   = 5839372                                {pd product} {ergonomic}
    uintx NonProfiledCodeHeapSize                  = 122909434                              {pd product} {ergonomic}
   size_t OldSize                                  = 70254592                                  {product} {ergonomic}
    uintx ProfiledCodeHeapSize                     = 122909434                              {pd product} {ergonomic}
    uintx ReservedCodeCacheSize                    = 251658240                              {pd product} {ergonomic}
     bool SegmentedCodeCache                       = true                                      {product} {ergonomic}
   size_t SoftMaxHeapSize                          = 1073741824                             {manageable} {ergonomic}
     bool UseCompressedOops                        = true                           {product lp64_product} {ergonomic}
     bool UseLargePagesIndividualAllocation        = false                                  {pd product} {ergonomic}
     bool UseParallelGC                            = true                                      {product} {command line}

Logging:
Log output configuration:
 #0: stdout all=off uptime,level,tags foldmultilines=false
 #1: stderr all=off uptime,level,tags foldmultilines=false

Environment Variables:
PATH=C:\Program Files\Eclipse Adoptium\jdk-21.0.6.7-hotspot\bin;C:\Program Files (x86)\VMware\VMware Workstation\bin\;C:\Program Files (x86)\NVIDIA Corporation\PhysX\Common;C:\Python312\Scripts\;C:\Python312\;C:\WINDOWS\system32;C:\WINDOWS;C:\WINDOWS\System32\Wbem;C:\WINDOWS\System32\WindowsPowerShell\v1.0\;C:\WINDOWS\System32\OpenSSH\;C:\Program Files\Docker\Docker\resources\bin;C:\Program Files\nodejs\;C:\ProgramData\chocolatey\bin;D:\src\flutter\bin;C:\Program Files\Git\cmd;C:\Users\Public\android\platform-tools;C:\Program Files\apache-maven-3.9.9\bin;C:\Program Files\PowerShell\7\;C:\Program Files\MySQL\MySQL Shell 8.0\bin\;C:\Users\brayan antonio\AppData\Local\Microsoft\WindowsApps;C:\Users\brayan antonio\AppData\Local\Programs\Microsoft VS Code\bin;C:\Users\brayan antonio\AppData\Local\GitHubDesktop\bin;C:\Users\brayan antonio\AppData\Roaming\npm;C:\Users\Public\android\platform-tools;C:\Program Files\apache-maven-3.9.9\bin;
USERNAME=brayan antonio
OS=Windows_NT
PROCESSOR_IDENTIFIER=AMD64 Family 23 Model 24 Stepping 1, AuthenticAMD
TMP=C:\Users\brayan antonio\AppData\Local\Temp
TEMP=C:\Users\brayan antonio\AppData\Local\Temp




Periodic native trim disabled

---------------  S Y S T E M  ---------------

OS:
 Windows 11 , 64 bit Build 26100 (10.0.26100.3775)
OS uptime: 0 days 23:21 hours
Hyper-V role detected

CPU: total 8 (initial active 8) (8 cores per cpu, 2 threads per core) family 23 model 24 stepping 1 microcode 0x8108109, cx8, cmov, fxsr, ht, mmx, 3dnowpref, sse, sse2, sse3, ssse3, sse4a, sse4.1, sse4.2, popcnt, lzcnt, tsc, tscinvbit, avx, avx2, aes, clmul, bmi1, bmi2, adx, sha, fma, vzeroupper, clflush, clflushopt, hv, rdtscp, f16c
Processor Information for the first 8 processors :
  Max Mhz: 2300, Current Mhz: 2300, Mhz Limit: 2300

Memory: 4k page, system-wide physical 14249M (1460M free)
TotalPageFile size 18345M (AvailPageFile size 3M)
current process WorkingSet (physical memory assigned to process): 149M, peak: 149M
current process commit charge ("private bytes"): 248M, peak: 249M

vm_info: OpenJDK 64-Bit Server VM (21.0.6+7-LTS) for windows-amd64 JRE (21.0.6+7-LTS), built on 2025-01-21T00:00:00Z by "admin" with MS VC++ 17.7 (VS2022)

END.
